<?xml version="1.0" encoding="UTF-8"?>
<!-- Generated by org.testng.reporters.JUnitReportReporter -->
<testsuite hostname="LAPTOP-RN669E11" failures="0" tests="3" name="practise.DataProviderFromExcelTest" time="0.012" errors="0" timestamp="2023-05-24T11:53:21 IST" skipped="0">
  <testcase classname="practise.DataProviderFromExcelTest" name="getData" time="0.001"/>
  <system-out/>
  <testcase classname="practise.DataProviderFromExcelTest" name="getData" time="0.001"/>
  <system-out/>
  <testcase classname="practise.DataProviderFromExcelTest" name="getData" time="0.010"/>
  <system-out/>
</testsuite> <!-- practise.DataProviderFromExcelTest -->
