<?xml version="1.0" encoding="UTF-8"?>
<!-- Generated by org.testng.reporters.JUnitReportReporter -->
<testsuite hostname="LAPTOP-RN669E11" failures="0" tests="1" name="practise.DataProviderExcelUtilityTest" time="0.669" errors="0" timestamp="2023-05-24T11:55:09 IST" skipped="0">
  <testcase classname="practise.DataProviderExcelUtilityTest" name="getData" time="0.669"/>
  <system-out/>
</testsuite> <!-- practise.DataProviderExcelUtilityTest -->
