<?xml version="1.0" encoding="UTF-8"?>
<!-- Generated by org.testng.reporters.JUnitReportReporter -->
<testsuite hostname="LAPTOP-RN669E11" failures="0" tests="4" name="practise.DataProviderAnotherTest" time="0.017" errors="0" timestamp="2023-05-24T10:17:57 IST" skipped="0">
  <testcase classname="practise.DataProviderAnotherTest" name="getData" time="0.003"/>
  <system-out/>
  <testcase classname="practise.DataProviderAnotherTest" name="getData" time="0.002"/>
  <system-out/>
  <testcase classname="practise.DataProviderAnotherTest" name="getData" time="0.001"/>
  <system-out/>
  <testcase classname="practise.DataProviderAnotherTest" name="getData" time="0.011"/>
  <system-out/>
</testsuite> <!-- practise.DataProviderAnotherTest -->
