<?xml version="1.0" encoding="UTF-8"?>
<!-- Generated by org.testng.reporters.JUnitReportReporter -->
<testsuite hostname="LAPTOP-RN669E11" failures="0" tests="2" name="practise.DemoTestMethodCheck" time="4.103" errors="0" timestamp="2023-05-25T15:33:49 IST" skipped="0">
  <testcase classname="practise.DemoTestMethodCheck" name="loginasAdmin" time="2.566"/>
  <system-out>
    <![CDATA[Login to admin]]>
  </system-out>
  <testcase classname="practise.DemoTestMethodCheck" name="loginasTeacher" time="1.537"/>
  <system-out>
    <![CDATA[teacher login]]>
  </system-out>
</testsuite> <!-- practise.DemoTestMethodCheck -->
