<?xml version="1.0" encoding="UTF-8"?>
<!-- Generated by org.testng.reporters.JUnitReportReporter -->
<testsuite hostname="LAPTOP-RN669E11" failures="0" tests="3" name="practise.DataProviderTest" time="0.015" errors="0" timestamp="2023-05-23T19:35:50 IST" skipped="0">
  <testcase classname="practise.DataProviderTest" name="getData" time="0.012"/>
  <system-out/>
  <testcase classname="practise.DataProviderTest" name="getData" time="0.001"/>
  <system-out/>
  <testcase classname="practise.DataProviderTest" name="getData" time="0.002"/>
  <system-out/>
</testsuite> <!-- practise.DataProviderTest -->
