<?xml version="1.0" encoding="UTF-8"?>
<!-- Generated by org.testng.reporters.JUnitReportReporter -->
<testsuite hostname="LAPTOP-RN669E11" failures="0" tests="3" name="testcasessms.TestCase01" time="19.900" errors="0" timestamp="2023-05-30T18:11:38 IST" skipped="0">
  <testcase classname="testcasessms.TestCase01" name="teacherCreationV" time="8.985"/>
  <system-out/>
  <testcase classname="testcasessms.TestCase01" name="pettycashApproval" time="3.091"/>
  <system-out/>
  <testcase classname="testcasessms.TestCase01" name="creatingPettyCash" time="7.824"/>
  <system-out/>
</testsuite> <!-- testcasessms.TestCase01 -->
