<?xml version="1.0" encoding="UTF-8"?>
<!-- Generated by org.testng.reporters.JUnitReportReporter -->
<testsuite hostname="LAPTOP-RN669E11" failures="0" tests="4" name="practise.ExamModuleTest" time="0.014" errors="0" timestamp="2023-05-23T16:28:34 IST" skipped="0">
  <testcase classname="practise.ExamModuleTest" name="deleteExam" time="0.001"/>
  <system-out>
    <![CDATA[deleteExam]]>
  </system-out>
  <testcase classname="practise.ExamModuleTest" name="createExam" time="0.001"/>
  <system-out>
    <![CDATA[createdExam]]>
  </system-out>
  <testcase classname="practise.ExamModuleTest" name="createExam" time="0.011"/>
  <system-out>
    <![CDATA[createdExam]]>
  </system-out>
  <testcase classname="practise.ExamModuleTest" name="editExam" time="0.001"/>
  <system-out>
    <![CDATA[editExam]]>
  </system-out>
</testsuite> <!-- practise.ExamModuleTest -->
