<?xml version="1.0" encoding="UTF-8"?>
<!-- Generated by org.testng.reporters.JUnitReportReporter -->
<testsuite hostname="LAPTOP-RN669E11" failures="0" tests="1" name="organisation.TestCase1" time="0.010" errors="0" timestamp="2023-05-17T13:24:50 IST" skipped="0">
  <testcase classname="organisation.TestCase1" name="tc09" time="0.010"/>
  <system-out/>
</testsuite> <!-- organisation.TestCase1 -->
